<?xml version="1.0" encoding="UTF-8"?>
<!-- Generated by org.testng.reporters.JUnitReportReporter -->
<testsuite hostname="DESKTOP-4M14A0P" failures="0" tests="1" name="driverFactory.DriverScript" time="41.484" errors="0" timestamp="2023-08-03T12:48:32 IST" skipped="0">
  <testcase classname="driverFactory.DriverScript" name="startTest" time="41.484"/>
  <system-out>
    <![CDATA[No of rows are::11
Login Success::dashboard     http://orangehrm.qedgetech.com/symfony/web/index.php/dashboard
Login Fail    dashboard      http://orangehrm.qedgetech.com/symfony/web/index.php/auth/validateCredentials
Login Fail    dashboard      http://orangehrm.qedgetech.com/symfony/web/index.php/auth/validateCredentials
Login Success::dashboard     http://orangehrm.qedgetech.com/symfony/web/index.php/dashboard
Login Success::dashboard     http://orangehrm.qedgetech.com/symfony/web/index.php/dashboard
Login Fail    dashboard      http://orangehrm.qedgetech.com/symfony/web/index.php/auth/login
Login Fail    dashboard      http://orangehrm.qedgetech.com/symfony/web/index.php/auth/validateCredentials
Login Fail    dashboard      http://orangehrm.qedgetech.com/symfony/web/index.php/auth/login
Login Success::dashboard     http://orangehrm.qedgetech.com/symfony/web/index.php/dashboard
Login Fail    dashboard      http://orangehrm.qedgetech.com/symfony/web/index.php/auth/login
Login Success::dashboard     http://orangehrm.qedgetech.com/symfony/web/index.php/dashboard]]>
  </system-out>
</testsuite> <!-- driverFactory.DriverScript -->
